Build started 14-Mar-13 11:19:05 PM.
     1>Project "D:\STUDY ROOM\CSE CLASS WORK\4TH YEAR\CSE 4208\graphic tutorials\lab4_4208\image texturing\main.vcxproj" on node 2 (build target(s)).
     1>InitializeBuildStatus:
         Touching ".\Debug\main.unsuccessfulbuild".
       ClCompile:
         C:\Program Files\Microsoft Visual Studio 10.0\VC\bin\CL.exe /c /ZI /nologo /W3 /WX- /Od /Oy- /D WIN32 /D _DEBUG /D _CONSOLE /D _VC80_UPGRADE=0x0600 /D _MBCS /Gm /EHsc /RTC1 /MTd /GS /Gy- /fp:precise /Zc:wchar_t /Zc:forScope /Fo".\Debug\\" /Fd".\Debug\vc100.pdb" /Gd /TP /analyze- /errorReport:prompt main.cpp
         main.cpp
       ManifestResourceCompile:
         C:\Program Files\Microsoft SDKs\Windows\v7.0A\bin\rc.exe /nologo /fo".\Debug\main.exe.embed.manifest.res" .\Debug\main_manifest.rc 
       Link:
         C:\Program Files\Microsoft Visual Studio 10.0\VC\bin\link.exe /ERRORREPORT:PROMPT /OUT:".\Debug\main.exe" /INCREMENTAL /NOLOGO odbc32.lib odbccp32.lib kernel32.lib user32.lib gdi32.lib winspool.lib comdlg32.lib advapi32.lib shell32.lib ole32.lib oleaut32.lib uuid.lib odbc32.lib odbccp32.lib /MANIFEST /ManifestFile:".\Debug\main.exe.intermediate.manifest" /MANIFESTUAC:"level='asInvoker' uiAccess='false'" /DEBUG /PDB:"D:\STUDY ROOM\CSE CLASS WORK\4TH YEAR\CSE 4208\graphic tutorials\lab4_4208\image texturing\Debug\main.pdb" /SUBSYSTEM:CONSOLE /TLBID:1 /DYNAMICBASE /NXCOMPAT /IMPLIB:".\Debug\main.lib" /MACHINE:X86 .\Debug\main.exe.embed.manifest.res
         .\Debug\main.obj
     1>LINK : warning LNK4076: invalid incremental status file '.\Debug\main.ilk' (which will be deleted); linking nonincrementally
       Manifest:
         C:\Program Files\Microsoft SDKs\Windows\v7.0A\bin\mt.exe /nologo /verbose /out:".\Debug\main.exe.embed.manifest" /manifest .\Debug\main.exe.intermediate.manifest
         C:\Program Files\Microsoft SDKs\Windows\v7.0A\bin\rc.exe /nologo /fo".\Debug\main.exe.embed.manifest.res" .\Debug\main_manifest.rc 
       LinkEmbedManifest:
         C:\Program Files\Microsoft Visual Studio 10.0\VC\bin\link.exe /ERRORREPORT:PROMPT /OUT:".\Debug\main.exe" /INCREMENTAL /NOLOGO odbc32.lib odbccp32.lib kernel32.lib user32.lib gdi32.lib winspool.lib comdlg32.lib advapi32.lib shell32.lib ole32.lib oleaut32.lib uuid.lib odbc32.lib odbccp32.lib /MANIFEST /ManifestFile:".\Debug\main.exe.intermediate.manifest" /MANIFESTUAC:"level='asInvoker' uiAccess='false'" /DEBUG /PDB:"D:\STUDY ROOM\CSE CLASS WORK\4TH YEAR\CSE 4208\graphic tutorials\lab4_4208\image texturing\Debug\main.pdb" /SUBSYSTEM:CONSOLE /TLBID:1 /DYNAMICBASE /NXCOMPAT /IMPLIB:".\Debug\main.lib" /MACHINE:X86 .\Debug\main.exe.embed.manifest.res
         .\Debug\main.obj
         main.vcxproj -> D:\STUDY ROOM\CSE CLASS WORK\4TH YEAR\CSE 4208\graphic tutorials\lab4_4208\image texturing\.\Debug\main.exe
       FinalizeBuildStatus:
         Deleting file ".\Debug\main.unsuccessfulbuild".
         Touching ".\Debug\main.lastbuildstate".
     1>Done Building Project "D:\STUDY ROOM\CSE CLASS WORK\4TH YEAR\CSE 4208\graphic tutorials\lab4_4208\image texturing\main.vcxproj" (build target(s)).

Build succeeded.

Time Elapsed 00:00:03.95
